<?xml version="1.0" encoding="UTF-8"?>
<testsuite xmlns:xsi="http://www.w3.org/2001/XMLSchema-instance" xsi:noNamespaceSchemaLocation="https://maven.apache.org/surefire/maven-surefire-plugin/xsd/surefire-test-report.xsd" name="com.baizhi.AppTest" time="0.006" tests="1" errors="0" skipped="0" failures="0">
  <properties>
    <property name="sun.desktop" value="windows"/>
    <property name="awt.toolkit" value="sun.awt.windows.WToolkit"/>
    <property name="file.encoding.pkg" value="sun.io"/>
    <property name="java.specification.version" value="1.8"/>
    <property name="sun.cpu.isalist" value="amd64"/>
    <property name="sun.jnu.encoding" value="GBK"/>
    <property name="java.class.path" value="D:\ideademo\baizhihadoop3\target\test-classes;D:\ideademo\baizhihadoop3\target\classes;D:\app\jdk\apache-maven-3.3.9-bin\apache-maven-3.3.9\repositorys\org\apache\maven\archetype\archetype-packaging\3.0.1\archetype-packaging-3.0.1.jar;D:\app\jdk\apache-maven-3.3.9-bin\apache-maven-3.3.9\repositorys\junit\junit\4.12\junit-4.12.jar;D:\app\jdk\apache-maven-3.3.9-bin\apache-maven-3.3.9\repositorys\org\hamcrest\hamcrest-core\1.3\hamcrest-core-1.3.jar;D:\app\jdk\apache-maven-3.3.9-bin\apache-maven-3.3.9\repositorys\org\apache\hadoop\hadoop-common\2.6.0\hadoop-common-2.6.0.jar;D:\app\jdk\apache-maven-3.3.9-bin\apache-maven-3.3.9\repositorys\org\apache\hadoop\hadoop-annotations\2.6.0\hadoop-annotations-2.6.0.jar;C:\Program Files\Java\jdk1.8.0_162\jre\..\lib\tools.jar;D:\app\jdk\apache-maven-3.3.9-bin\apache-maven-3.3.9\repositorys\com\google\guava\guava\11.0.2\guava-11.0.2.jar;D:\app\jdk\apache-maven-3.3.9-bin\apache-maven-3.3.9\repositorys\commons-cli\commons-cli\1.2\commons-cli-1.2.jar;D:\app\jdk\apache-maven-3.3.9-bin\apache-maven-3.3.9\repositorys\org\apache\commons\commons-math3\3.1.1\commons-math3-3.1.1.jar;D:\app\jdk\apache-maven-3.3.9-bin\apache-maven-3.3.9\repositorys\xmlenc\xmlenc\0.52\xmlenc-0.52.jar;D:\app\jdk\apache-maven-3.3.9-bin\apache-maven-3.3.9\repositorys\commons-httpclient\commons-httpclient\3.1\commons-httpclient-3.1.jar;D:\app\jdk\apache-maven-3.3.9-bin\apache-maven-3.3.9\repositorys\commons-codec\commons-codec\1.4\commons-codec-1.4.jar;D:\app\jdk\apache-maven-3.3.9-bin\apache-maven-3.3.9\repositorys\commons-io\commons-io\2.4\commons-io-2.4.jar;D:\app\jdk\apache-maven-3.3.9-bin\apache-maven-3.3.9\repositorys\commons-net\commons-net\3.1\commons-net-3.1.jar;D:\app\jdk\apache-maven-3.3.9-bin\apache-maven-3.3.9\repositorys\commons-collections\commons-collections\3.2.1\commons-collections-3.2.1.jar;D:\app\jdk\apache-maven-3.3.9-bin\apache-maven-3.3.9\repositorys\javax\servlet\servlet-api\2.5\servlet-api-2.5.jar;D:\app\jdk\apache-maven-3.3.9-bin\apache-maven-3.3.9\repositorys\org\mortbay\jetty\jetty\6.1.26\jetty-6.1.26.jar;D:\app\jdk\apache-maven-3.3.9-bin\apache-maven-3.3.9\repositorys\org\mortbay\jetty\jetty-util\6.1.26\jetty-util-6.1.26.jar;D:\app\jdk\apache-maven-3.3.9-bin\apache-maven-3.3.9\repositorys\com\sun\jersey\jersey-core\1.9\jersey-core-1.9.jar;D:\app\jdk\apache-maven-3.3.9-bin\apache-maven-3.3.9\repositorys\com\sun\jersey\jersey-json\1.9\jersey-json-1.9.jar;D:\app\jdk\apache-maven-3.3.9-bin\apache-maven-3.3.9\repositorys\org\codehaus\jettison\jettison\1.1\jettison-1.1.jar;D:\app\jdk\apache-maven-3.3.9-bin\apache-maven-3.3.9\repositorys\com\sun\xml\bind\jaxb-impl\2.2.3-1\jaxb-impl-2.2.3-1.jar;D:\app\jdk\apache-maven-3.3.9-bin\apache-maven-3.3.9\repositorys\com\sun\jersey\jersey-server\1.9\jersey-server-1.9.jar;D:\app\jdk\apache-maven-3.3.9-bin\apache-maven-3.3.9\repositorys\asm\asm\3.1\asm-3.1.jar;D:\app\jdk\apache-maven-3.3.9-bin\apache-maven-3.3.9\repositorys\tomcat\jasper-compiler\5.5.23\jasper-compiler-5.5.23.jar;D:\app\jdk\apache-maven-3.3.9-bin\apache-maven-3.3.9\repositorys\tomcat\jasper-runtime\5.5.23\jasper-runtime-5.5.23.jar;D:\app\jdk\apache-maven-3.3.9-bin\apache-maven-3.3.9\repositorys\javax\servlet\jsp\jsp-api\2.1\jsp-api-2.1.jar;D:\app\jdk\apache-maven-3.3.9-bin\apache-maven-3.3.9\repositorys\commons-el\commons-el\1.0\commons-el-1.0.jar;D:\app\jdk\apache-maven-3.3.9-bin\apache-maven-3.3.9\repositorys\commons-logging\commons-logging\1.1.3\commons-logging-1.1.3.jar;D:\app\jdk\apache-maven-3.3.9-bin\apache-maven-3.3.9\repositorys\log4j\log4j\1.2.17\log4j-1.2.17.jar;D:\app\jdk\apache-maven-3.3.9-bin\apache-maven-3.3.9\repositorys\net\java\dev\jets3t\jets3t\0.9.0\jets3t-0.9.0.jar;D:\app\jdk\apache-maven-3.3.9-bin\apache-maven-3.3.9\repositorys\org\apache\httpcomponents\httpclient\4.1.2\httpclient-4.1.2.jar;D:\app\jdk\apache-maven-3.3.9-bin\apache-maven-3.3.9\repositorys\org\apache\httpcomponents\httpcore\4.1.2\httpcore-4.1.2.jar;D:\app\jdk\apache-maven-3.3.9-bin\apache-maven-3.3.9\repositorys\com\jamesmurty\utils\java-xmlbuilder\0.4\java-xmlbuilder-0.4.jar;D:\app\jdk\apache-maven-3.3.9-bin\apache-maven-3.3.9\repositorys\commons-lang\commons-lang\2.6\commons-lang-2.6.jar;D:\app\jdk\apache-maven-3.3.9-bin\apache-maven-3.3.9\repositorys\commons-configuration\commons-configuration\1.6\commons-configuration-1.6.jar;D:\app\jdk\apache-maven-3.3.9-bin\apache-maven-3.3.9\repositorys\commons-digester\commons-digester\1.8\commons-digester-1.8.jar;D:\app\jdk\apache-maven-3.3.9-bin\apache-maven-3.3.9\repositorys\commons-beanutils\commons-beanutils\1.7.0\commons-beanutils-1.7.0.jar;D:\app\jdk\apache-maven-3.3.9-bin\apache-maven-3.3.9\repositorys\commons-beanutils\commons-beanutils-core\1.8.0\commons-beanutils-core-1.8.0.jar;D:\app\jdk\apache-maven-3.3.9-bin\apache-maven-3.3.9\repositorys\org\slf4j\slf4j-api\1.7.5\slf4j-api-1.7.5.jar;D:\app\jdk\apache-maven-3.3.9-bin\apache-maven-3.3.9\repositorys\org\slf4j\slf4j-log4j12\1.7.5\slf4j-log4j12-1.7.5.jar;D:\app\jdk\apache-maven-3.3.9-bin\apache-maven-3.3.9\repositorys\org\codehaus\jackson\jackson-core-asl\1.9.13\jackson-core-asl-1.9.13.jar;D:\app\jdk\apache-maven-3.3.9-bin\apache-maven-3.3.9\repositorys\org\codehaus\jackson\jackson-mapper-asl\1.9.13\jackson-mapper-asl-1.9.13.jar;D:\app\jdk\apache-maven-3.3.9-bin\apache-maven-3.3.9\repositorys\org\apache\avro\avro\1.7.4\avro-1.7.4.jar;D:\app\jdk\apache-maven-3.3.9-bin\apache-maven-3.3.9\repositorys\com\thoughtworks\paranamer\paranamer\2.3\paranamer-2.3.jar;D:\app\jdk\apache-maven-3.3.9-bin\apache-maven-3.3.9\repositorys\org\xerial\snappy\snappy-java\1.0.4.1\snappy-java-1.0.4.1.jar;D:\app\jdk\apache-maven-3.3.9-bin\apache-maven-3.3.9\repositorys\com\google\protobuf\protobuf-java\2.5.0\protobuf-java-2.5.0.jar;D:\app\jdk\apache-maven-3.3.9-bin\apache-maven-3.3.9\repositorys\com\google\code\gson\gson\2.2.4\gson-2.2.4.jar;D:\app\jdk\apache-maven-3.3.9-bin\apache-maven-3.3.9\repositorys\org\apache\hadoop\hadoop-auth\2.6.0\hadoop-auth-2.6.0.jar;D:\app\jdk\apache-maven-3.3.9-bin\apache-maven-3.3.9\repositorys\org\apache\directory\server\apacheds-kerberos-codec\2.0.0-M15\apacheds-kerberos-codec-2.0.0-M15.jar;D:\app\jdk\apache-maven-3.3.9-bin\apache-maven-3.3.9\repositorys\org\apache\directory\server\apacheds-i18n\2.0.0-M15\apacheds-i18n-2.0.0-M15.jar;D:\app\jdk\apache-maven-3.3.9-bin\apache-maven-3.3.9\repositorys\org\apache\directory\api\api-asn1-api\1.0.0-M20\api-asn1-api-1.0.0-M20.jar;D:\app\jdk\apache-maven-3.3.9-bin\apache-maven-3.3.9\repositorys\org\apache\directory\api\api-util\1.0.0-M20\api-util-1.0.0-M20.jar;D:\app\jdk\apache-maven-3.3.9-bin\apache-maven-3.3.9\repositorys\org\apache\curator\curator-framework\2.6.0\curator-framework-2.6.0.jar;D:\app\jdk\apache-maven-3.3.9-bin\apache-maven-3.3.9\repositorys\com\jcraft\jsch\0.1.42\jsch-0.1.42.jar;D:\app\jdk\apache-maven-3.3.9-bin\apache-maven-3.3.9\repositorys\org\apache\curator\curator-client\2.6.0\curator-client-2.6.0.jar;D:\app\jdk\apache-maven-3.3.9-bin\apache-maven-3.3.9\repositorys\org\apache\curator\curator-recipes\2.6.0\curator-recipes-2.6.0.jar;D:\app\jdk\apache-maven-3.3.9-bin\apache-maven-3.3.9\repositorys\com\google\code\findbugs\jsr305\1.3.9\jsr305-1.3.9.jar;D:\app\jdk\apache-maven-3.3.9-bin\apache-maven-3.3.9\repositorys\org\htrace\htrace-core\3.0.4\htrace-core-3.0.4.jar;D:\app\jdk\apache-maven-3.3.9-bin\apache-maven-3.3.9\repositorys\org\apache\zookeeper\zookeeper\3.4.6\zookeeper-3.4.6.jar;D:\app\jdk\apache-maven-3.3.9-bin\apache-maven-3.3.9\repositorys\org\apache\commons\commons-compress\1.4.1\commons-compress-1.4.1.jar;D:\app\jdk\apache-maven-3.3.9-bin\apache-maven-3.3.9\repositorys\org\tukaani\xz\1.0\xz-1.0.jar;D:\app\jdk\apache-maven-3.3.9-bin\apache-maven-3.3.9\repositorys\org\apache\hadoop\hadoop-client\2.6.0\hadoop-client-2.6.0.jar;D:\app\jdk\apache-maven-3.3.9-bin\apache-maven-3.3.9\repositorys\org\apache\hadoop\hadoop-mapreduce-client-app\2.6.0\hadoop-mapreduce-client-app-2.6.0.jar;D:\app\jdk\apache-maven-3.3.9-bin\apache-maven-3.3.9\repositorys\org\apache\hadoop\hadoop-mapreduce-client-common\2.6.0\hadoop-mapreduce-client-common-2.6.0.jar;D:\app\jdk\apache-maven-3.3.9-bin\apache-maven-3.3.9\repositorys\org\apache\hadoop\hadoop-yarn-client\2.6.0\hadoop-yarn-client-2.6.0.jar;D:\app\jdk\apache-maven-3.3.9-bin\apache-maven-3.3.9\repositorys\org\apache\hadoop\hadoop-yarn-server-common\2.6.0\hadoop-yarn-server-common-2.6.0.jar;D:\app\jdk\apache-maven-3.3.9-bin\apache-maven-3.3.9\repositorys\org\apache\hadoop\hadoop-mapreduce-client-shuffle\2.6.0\hadoop-mapreduce-client-shuffle-2.6.0.jar;D:\app\jdk\apache-maven-3.3.9-bin\apache-maven-3.3.9\repositorys\org\fusesource\leveldbjni\leveldbjni-all\1.8\leveldbjni-all-1.8.jar;D:\app\jdk\apache-maven-3.3.9-bin\apache-maven-3.3.9\repositorys\org\apache\hadoop\hadoop-yarn-api\2.6.0\hadoop-yarn-api-2.6.0.jar;D:\app\jdk\apache-maven-3.3.9-bin\apache-maven-3.3.9\repositorys\org\apache\hadoop\hadoop-mapreduce-client-jobclient\2.6.0\hadoop-mapreduce-client-jobclient-2.6.0.jar;D:\app\jdk\apache-maven-3.3.9-bin\apache-maven-3.3.9\repositorys\org\apache\hadoop\hadoop-hdfs\2.6.0\hadoop-hdfs-2.6.0.jar;D:\app\jdk\apache-maven-3.3.9-bin\apache-maven-3.3.9\repositorys\commons-daemon\commons-daemon\1.0.13\commons-daemon-1.0.13.jar;D:\app\jdk\apache-maven-3.3.9-bin\apache-maven-3.3.9\repositorys\io\netty\netty\3.6.2.Final\netty-3.6.2.Final.jar;D:\app\jdk\apache-maven-3.3.9-bin\apache-maven-3.3.9\repositorys\xerces\xercesImpl\2.9.1\xercesImpl-2.9.1.jar;D:\app\jdk\apache-maven-3.3.9-bin\apache-maven-3.3.9\repositorys\xml-apis\xml-apis\1.3.04\xml-apis-1.3.04.jar;D:\app\jdk\apache-maven-3.3.9-bin\apache-maven-3.3.9\repositorys\org\apache\hadoop\hadoop-mapreduce-client-core\2.6.0\hadoop-mapreduce-client-core-2.6.0.jar;D:\app\jdk\apache-maven-3.3.9-bin\apache-maven-3.3.9\repositorys\com\google\inject\extensions\guice-servlet\3.0\guice-servlet-3.0.jar;D:\app\jdk\apache-maven-3.3.9-bin\apache-maven-3.3.9\repositorys\org\apache\hadoop\hadoop-yarn-common\2.6.0\hadoop-yarn-common-2.6.0.jar;D:\app\jdk\apache-maven-3.3.9-bin\apache-maven-3.3.9\repositorys\javax\xml\bind\jaxb-api\2.2.2\jaxb-api-2.2.2.jar;D:\app\jdk\apache-maven-3.3.9-bin\apache-maven-3.3.9\repositorys\javax\xml\stream\stax-api\1.0-2\stax-api-1.0-2.jar;D:\app\jdk\apache-maven-3.3.9-bin\apache-maven-3.3.9\repositorys\javax\activation\activation\1.1\activation-1.1.jar;D:\app\jdk\apache-maven-3.3.9-bin\apache-maven-3.3.9\repositorys\com\sun\jersey\jersey-client\1.9\jersey-client-1.9.jar;D:\app\jdk\apache-maven-3.3.9-bin\apache-maven-3.3.9\repositorys\org\codehaus\jackson\jackson-jaxrs\1.9.13\jackson-jaxrs-1.9.13.jar;D:\app\jdk\apache-maven-3.3.9-bin\apache-maven-3.3.9\repositorys\org\codehaus\jackson\jackson-xc\1.9.13\jackson-xc-1.9.13.jar;D:\app\jdk\apache-maven-3.3.9-bin\apache-maven-3.3.9\repositorys\com\google\inject\guice\3.0\guice-3.0.jar;D:\app\jdk\apache-maven-3.3.9-bin\apache-maven-3.3.9\repositorys\javax\inject\javax.inject\1\javax.inject-1.jar;D:\app\jdk\apache-maven-3.3.9-bin\apache-maven-3.3.9\repositorys\aopalliance\aopalliance\1.0\aopalliance-1.0.jar;D:\app\jdk\apache-maven-3.3.9-bin\apache-maven-3.3.9\repositorys\com\sun\jersey\contribs\jersey-guice\1.9\jersey-guice-1.9.jar;"/>
    <property name="java.vm.vendor" value="Oracle Corporation"/>
    <property name="sun.arch.data.model" value="64"/>
    <property name="user.variant" value=""/>
    <property name="java.vendor.url" value="http://java.oracle.com/"/>
    <property name="user.timezone" value=""/>
    <property name="java.vm.specification.version" value="1.8"/>
    <property name="os.name" value="Windows 7"/>
    <property name="user.country" value="CN"/>
    <property name="sun.java.launcher" value="SUN_STANDARD"/>
    <property name="sun.boot.library.path" value="C:\Program Files\Java\jdk1.8.0_162\jre\bin"/>
    <property name="sun.java.command" value="C:\Users\ADMINI~1\AppData\Local\Temp\surefire4416689492944619785\surefirebooter9072107942213656522.jar C:\Users\Administrator\AppData\Local\Temp\surefire4416689492944619785 2018-11-23T17-06-25_231-jvmRun1 surefire4282254378120265340tmp surefire_05451085561130714502tmp"/>
    <property name="surefire.test.class.path" value="D:\ideademo\baizhihadoop3\target\test-classes;D:\ideademo\baizhihadoop3\target\classes;D:\app\jdk\apache-maven-3.3.9-bin\apache-maven-3.3.9\repositorys\org\apache\maven\archetype\archetype-packaging\3.0.1\archetype-packaging-3.0.1.jar;D:\app\jdk\apache-maven-3.3.9-bin\apache-maven-3.3.9\repositorys\junit\junit\4.12\junit-4.12.jar;D:\app\jdk\apache-maven-3.3.9-bin\apache-maven-3.3.9\repositorys\org\hamcrest\hamcrest-core\1.3\hamcrest-core-1.3.jar;D:\app\jdk\apache-maven-3.3.9-bin\apache-maven-3.3.9\repositorys\org\apache\hadoop\hadoop-common\2.6.0\hadoop-common-2.6.0.jar;D:\app\jdk\apache-maven-3.3.9-bin\apache-maven-3.3.9\repositorys\org\apache\hadoop\hadoop-annotations\2.6.0\hadoop-annotations-2.6.0.jar;C:\Program Files\Java\jdk1.8.0_162\jre\..\lib\tools.jar;D:\app\jdk\apache-maven-3.3.9-bin\apache-maven-3.3.9\repositorys\com\google\guava\guava\11.0.2\guava-11.0.2.jar;D:\app\jdk\apache-maven-3.3.9-bin\apache-maven-3.3.9\repositorys\commons-cli\commons-cli\1.2\commons-cli-1.2.jar;D:\app\jdk\apache-maven-3.3.9-bin\apache-maven-3.3.9\repositorys\org\apache\commons\commons-math3\3.1.1\commons-math3-3.1.1.jar;D:\app\jdk\apache-maven-3.3.9-bin\apache-maven-3.3.9\repositorys\xmlenc\xmlenc\0.52\xmlenc-0.52.jar;D:\app\jdk\apache-maven-3.3.9-bin\apache-maven-3.3.9\repositorys\commons-httpclient\commons-httpclient\3.1\commons-httpclient-3.1.jar;D:\app\jdk\apache-maven-3.3.9-bin\apache-maven-3.3.9\repositorys\commons-codec\commons-codec\1.4\commons-codec-1.4.jar;D:\app\jdk\apache-maven-3.3.9-bin\apache-maven-3.3.9\repositorys\commons-io\commons-io\2.4\commons-io-2.4.jar;D:\app\jdk\apache-maven-3.3.9-bin\apache-maven-3.3.9\repositorys\commons-net\commons-net\3.1\commons-net-3.1.jar;D:\app\jdk\apache-maven-3.3.9-bin\apache-maven-3.3.9\repositorys\commons-collections\commons-collections\3.2.1\commons-collections-3.2.1.jar;D:\app\jdk\apache-maven-3.3.9-bin\apache-maven-3.3.9\repositorys\javax\servlet\servlet-api\2.5\servlet-api-2.5.jar;D:\app\jdk\apache-maven-3.3.9-bin\apache-maven-3.3.9\repositorys\org\mortbay\jetty\jetty\6.1.26\jetty-6.1.26.jar;D:\app\jdk\apache-maven-3.3.9-bin\apache-maven-3.3.9\repositorys\org\mortbay\jetty\jetty-util\6.1.26\jetty-util-6.1.26.jar;D:\app\jdk\apache-maven-3.3.9-bin\apache-maven-3.3.9\repositorys\com\sun\jersey\jersey-core\1.9\jersey-core-1.9.jar;D:\app\jdk\apache-maven-3.3.9-bin\apache-maven-3.3.9\repositorys\com\sun\jersey\jersey-json\1.9\jersey-json-1.9.jar;D:\app\jdk\apache-maven-3.3.9-bin\apache-maven-3.3.9\repositorys\org\codehaus\jettison\jettison\1.1\jettison-1.1.jar;D:\app\jdk\apache-maven-3.3.9-bin\apache-maven-3.3.9\repositorys\com\sun\xml\bind\jaxb-impl\2.2.3-1\jaxb-impl-2.2.3-1.jar;D:\app\jdk\apache-maven-3.3.9-bin\apache-maven-3.3.9\repositorys\com\sun\jersey\jersey-server\1.9\jersey-server-1.9.jar;D:\app\jdk\apache-maven-3.3.9-bin\apache-maven-3.3.9\repositorys\asm\asm\3.1\asm-3.1.jar;D:\app\jdk\apache-maven-3.3.9-bin\apache-maven-3.3.9\repositorys\tomcat\jasper-compiler\5.5.23\jasper-compiler-5.5.23.jar;D:\app\jdk\apache-maven-3.3.9-bin\apache-maven-3.3.9\repositorys\tomcat\jasper-runtime\5.5.23\jasper-runtime-5.5.23.jar;D:\app\jdk\apache-maven-3.3.9-bin\apache-maven-3.3.9\repositorys\javax\servlet\jsp\jsp-api\2.1\jsp-api-2.1.jar;D:\app\jdk\apache-maven-3.3.9-bin\apache-maven-3.3.9\repositorys\commons-el\commons-el\1.0\commons-el-1.0.jar;D:\app\jdk\apache-maven-3.3.9-bin\apache-maven-3.3.9\repositorys\commons-logging\commons-logging\1.1.3\commons-logging-1.1.3.jar;D:\app\jdk\apache-maven-3.3.9-bin\apache-maven-3.3.9\repositorys\log4j\log4j\1.2.17\log4j-1.2.17.jar;D:\app\jdk\apache-maven-3.3.9-bin\apache-maven-3.3.9\repositorys\net\java\dev\jets3t\jets3t\0.9.0\jets3t-0.9.0.jar;D:\app\jdk\apache-maven-3.3.9-bin\apache-maven-3.3.9\repositorys\org\apache\httpcomponents\httpclient\4.1.2\httpclient-4.1.2.jar;D:\app\jdk\apache-maven-3.3.9-bin\apache-maven-3.3.9\repositorys\org\apache\httpcomponents\httpcore\4.1.2\httpcore-4.1.2.jar;D:\app\jdk\apache-maven-3.3.9-bin\apache-maven-3.3.9\repositorys\com\jamesmurty\utils\java-xmlbuilder\0.4\java-xmlbuilder-0.4.jar;D:\app\jdk\apache-maven-3.3.9-bin\apache-maven-3.3.9\repositorys\commons-lang\commons-lang\2.6\commons-lang-2.6.jar;D:\app\jdk\apache-maven-3.3.9-bin\apache-maven-3.3.9\repositorys\commons-configuration\commons-configuration\1.6\commons-configuration-1.6.jar;D:\app\jdk\apache-maven-3.3.9-bin\apache-maven-3.3.9\repositorys\commons-digester\commons-digester\1.8\commons-digester-1.8.jar;D:\app\jdk\apache-maven-3.3.9-bin\apache-maven-3.3.9\repositorys\commons-beanutils\commons-beanutils\1.7.0\commons-beanutils-1.7.0.jar;D:\app\jdk\apache-maven-3.3.9-bin\apache-maven-3.3.9\repositorys\commons-beanutils\commons-beanutils-core\1.8.0\commons-beanutils-core-1.8.0.jar;D:\app\jdk\apache-maven-3.3.9-bin\apache-maven-3.3.9\repositorys\org\slf4j\slf4j-api\1.7.5\slf4j-api-1.7.5.jar;D:\app\jdk\apache-maven-3.3.9-bin\apache-maven-3.3.9\repositorys\org\slf4j\slf4j-log4j12\1.7.5\slf4j-log4j12-1.7.5.jar;D:\app\jdk\apache-maven-3.3.9-bin\apache-maven-3.3.9\repositorys\org\codehaus\jackson\jackson-core-asl\1.9.13\jackson-core-asl-1.9.13.jar;D:\app\jdk\apache-maven-3.3.9-bin\apache-maven-3.3.9\repositorys\org\codehaus\jackson\jackson-mapper-asl\1.9.13\jackson-mapper-asl-1.9.13.jar;D:\app\jdk\apache-maven-3.3.9-bin\apache-maven-3.3.9\repositorys\org\apache\avro\avro\1.7.4\avro-1.7.4.jar;D:\app\jdk\apache-maven-3.3.9-bin\apache-maven-3.3.9\repositorys\com\thoughtworks\paranamer\paranamer\2.3\paranamer-2.3.jar;D:\app\jdk\apache-maven-3.3.9-bin\apache-maven-3.3.9\repositorys\org\xerial\snappy\snappy-java\1.0.4.1\snappy-java-1.0.4.1.jar;D:\app\jdk\apache-maven-3.3.9-bin\apache-maven-3.3.9\repositorys\com\google\protobuf\protobuf-java\2.5.0\protobuf-java-2.5.0.jar;D:\app\jdk\apache-maven-3.3.9-bin\apache-maven-3.3.9\repositorys\com\google\code\gson\gson\2.2.4\gson-2.2.4.jar;D:\app\jdk\apache-maven-3.3.9-bin\apache-maven-3.3.9\repositorys\org\apache\hadoop\hadoop-auth\2.6.0\hadoop-auth-2.6.0.jar;D:\app\jdk\apache-maven-3.3.9-bin\apache-maven-3.3.9\repositorys\org\apache\directory\server\apacheds-kerberos-codec\2.0.0-M15\apacheds-kerberos-codec-2.0.0-M15.jar;D:\app\jdk\apache-maven-3.3.9-bin\apache-maven-3.3.9\repositorys\org\apache\directory\server\apacheds-i18n\2.0.0-M15\apacheds-i18n-2.0.0-M15.jar;D:\app\jdk\apache-maven-3.3.9-bin\apache-maven-3.3.9\repositorys\org\apache\directory\api\api-asn1-api\1.0.0-M20\api-asn1-api-1.0.0-M20.jar;D:\app\jdk\apache-maven-3.3.9-bin\apache-maven-3.3.9\repositorys\org\apache\directory\api\api-util\1.0.0-M20\api-util-1.0.0-M20.jar;D:\app\jdk\apache-maven-3.3.9-bin\apache-maven-3.3.9\repositorys\org\apache\curator\curator-framework\2.6.0\curator-framework-2.6.0.jar;D:\app\jdk\apache-maven-3.3.9-bin\apache-maven-3.3.9\repositorys\com\jcraft\jsch\0.1.42\jsch-0.1.42.jar;D:\app\jdk\apache-maven-3.3.9-bin\apache-maven-3.3.9\repositorys\org\apache\curator\curator-client\2.6.0\curator-client-2.6.0.jar;D:\app\jdk\apache-maven-3.3.9-bin\apache-maven-3.3.9\repositorys\org\apache\curator\curator-recipes\2.6.0\curator-recipes-2.6.0.jar;D:\app\jdk\apache-maven-3.3.9-bin\apache-maven-3.3.9\repositorys\com\google\code\findbugs\jsr305\1.3.9\jsr305-1.3.9.jar;D:\app\jdk\apache-maven-3.3.9-bin\apache-maven-3.3.9\repositorys\org\htrace\htrace-core\3.0.4\htrace-core-3.0.4.jar;D:\app\jdk\apache-maven-3.3.9-bin\apache-maven-3.3.9\repositorys\org\apache\zookeeper\zookeeper\3.4.6\zookeeper-3.4.6.jar;D:\app\jdk\apache-maven-3.3.9-bin\apache-maven-3.3.9\repositorys\org\apache\commons\commons-compress\1.4.1\commons-compress-1.4.1.jar;D:\app\jdk\apache-maven-3.3.9-bin\apache-maven-3.3.9\repositorys\org\tukaani\xz\1.0\xz-1.0.jar;D:\app\jdk\apache-maven-3.3.9-bin\apache-maven-3.3.9\repositorys\org\apache\hadoop\hadoop-client\2.6.0\hadoop-client-2.6.0.jar;D:\app\jdk\apache-maven-3.3.9-bin\apache-maven-3.3.9\repositorys\org\apache\hadoop\hadoop-mapreduce-client-app\2.6.0\hadoop-mapreduce-client-app-2.6.0.jar;D:\app\jdk\apache-maven-3.3.9-bin\apache-maven-3.3.9\repositorys\org\apache\hadoop\hadoop-mapreduce-client-common\2.6.0\hadoop-mapreduce-client-common-2.6.0.jar;D:\app\jdk\apache-maven-3.3.9-bin\apache-maven-3.3.9\repositorys\org\apache\hadoop\hadoop-yarn-client\2.6.0\hadoop-yarn-client-2.6.0.jar;D:\app\jdk\apache-maven-3.3.9-bin\apache-maven-3.3.9\repositorys\org\apache\hadoop\hadoop-yarn-server-common\2.6.0\hadoop-yarn-server-common-2.6.0.jar;D:\app\jdk\apache-maven-3.3.9-bin\apache-maven-3.3.9\repositorys\org\apache\hadoop\hadoop-mapreduce-client-shuffle\2.6.0\hadoop-mapreduce-client-shuffle-2.6.0.jar;D:\app\jdk\apache-maven-3.3.9-bin\apache-maven-3.3.9\repositorys\org\fusesource\leveldbjni\leveldbjni-all\1.8\leveldbjni-all-1.8.jar;D:\app\jdk\apache-maven-3.3.9-bin\apache-maven-3.3.9\repositorys\org\apache\hadoop\hadoop-yarn-api\2.6.0\hadoop-yarn-api-2.6.0.jar;D:\app\jdk\apache-maven-3.3.9-bin\apache-maven-3.3.9\repositorys\org\apache\hadoop\hadoop-mapreduce-client-jobclient\2.6.0\hadoop-mapreduce-client-jobclient-2.6.0.jar;D:\app\jdk\apache-maven-3.3.9-bin\apache-maven-3.3.9\repositorys\org\apache\hadoop\hadoop-hdfs\2.6.0\hadoop-hdfs-2.6.0.jar;D:\app\jdk\apache-maven-3.3.9-bin\apache-maven-3.3.9\repositorys\commons-daemon\commons-daemon\1.0.13\commons-daemon-1.0.13.jar;D:\app\jdk\apache-maven-3.3.9-bin\apache-maven-3.3.9\repositorys\io\netty\netty\3.6.2.Final\netty-3.6.2.Final.jar;D:\app\jdk\apache-maven-3.3.9-bin\apache-maven-3.3.9\repositorys\xerces\xercesImpl\2.9.1\xercesImpl-2.9.1.jar;D:\app\jdk\apache-maven-3.3.9-bin\apache-maven-3.3.9\repositorys\xml-apis\xml-apis\1.3.04\xml-apis-1.3.04.jar;D:\app\jdk\apache-maven-3.3.9-bin\apache-maven-3.3.9\repositorys\org\apache\hadoop\hadoop-mapreduce-client-core\2.6.0\hadoop-mapreduce-client-core-2.6.0.jar;D:\app\jdk\apache-maven-3.3.9-bin\apache-maven-3.3.9\repositorys\com\google\inject\extensions\guice-servlet\3.0\guice-servlet-3.0.jar;D:\app\jdk\apache-maven-3.3.9-bin\apache-maven-3.3.9\repositorys\org\apache\hadoop\hadoop-yarn-common\2.6.0\hadoop-yarn-common-2.6.0.jar;D:\app\jdk\apache-maven-3.3.9-bin\apache-maven-3.3.9\repositorys\javax\xml\bind\jaxb-api\2.2.2\jaxb-api-2.2.2.jar;D:\app\jdk\apache-maven-3.3.9-bin\apache-maven-3.3.9\repositorys\javax\xml\stream\stax-api\1.0-2\stax-api-1.0-2.jar;D:\app\jdk\apache-maven-3.3.9-bin\apache-maven-3.3.9\repositorys\javax\activation\activation\1.1\activation-1.1.jar;D:\app\jdk\apache-maven-3.3.9-bin\apache-maven-3.3.9\repositorys\com\sun\jersey\jersey-client\1.9\jersey-client-1.9.jar;D:\app\jdk\apache-maven-3.3.9-bin\apache-maven-3.3.9\repositorys\org\codehaus\jackson\jackson-jaxrs\1.9.13\jackson-jaxrs-1.9.13.jar;D:\app\jdk\apache-maven-3.3.9-bin\apache-maven-3.3.9\repositorys\org\codehaus\jackson\jackson-xc\1.9.13\jackson-xc-1.9.13.jar;D:\app\jdk\apache-maven-3.3.9-bin\apache-maven-3.3.9\repositorys\com\google\inject\guice\3.0\guice-3.0.jar;D:\app\jdk\apache-maven-3.3.9-bin\apache-maven-3.3.9\repositorys\javax\inject\javax.inject\1\javax.inject-1.jar;D:\app\jdk\apache-maven-3.3.9-bin\apache-maven-3.3.9\repositorys\aopalliance\aopalliance\1.0\aopalliance-1.0.jar;D:\app\jdk\apache-maven-3.3.9-bin\apache-maven-3.3.9\repositorys\com\sun\jersey\contribs\jersey-guice\1.9\jersey-guice-1.9.jar;"/>
    <property name="sun.cpu.endian" value="little"/>
    <property name="user.home" value="C:\Users\Administrator"/>
    <property name="user.language" value="zh"/>
    <property name="java.specification.vendor" value="Oracle Corporation"/>
    <property name="java.home" value="C:\Program Files\Java\jdk1.8.0_162\jre"/>
    <property name="basedir" value="D:\ideademo\baizhihadoop3"/>
    <property name="file.separator" value="\"/>
    <property name="line.separator" value="&#10;"/>
    <property name="java.vm.specification.vendor" value="Oracle Corporation"/>
    <property name="java.specification.name" value="Java Platform API Specification"/>
    <property name="java.awt.graphicsenv" value="sun.awt.Win32GraphicsEnvironment"/>
    <property name="surefire.real.class.path" value="C:\Users\ADMINI~1\AppData\Local\Temp\surefire4416689492944619785\surefirebooter9072107942213656522.jar"/>
    <property name="sun.boot.class.path" value="C:\Program Files\Java\jdk1.8.0_162\jre\lib\resources.jar;C:\Program Files\Java\jdk1.8.0_162\jre\lib\rt.jar;C:\Program Files\Java\jdk1.8.0_162\jre\lib\sunrsasign.jar;C:\Program Files\Java\jdk1.8.0_162\jre\lib\jsse.jar;C:\Program Files\Java\jdk1.8.0_162\jre\lib\jce.jar;C:\Program Files\Java\jdk1.8.0_162\jre\lib\charsets.jar;C:\Program Files\Java\jdk1.8.0_162\jre\lib\jfr.jar;C:\Program Files\Java\jdk1.8.0_162\jre\classes"/>
    <property name="user.script" value=""/>
    <property name="sun.management.compiler" value="HotSpot 64-Bit Tiered Compilers"/>
    <property name="java.runtime.version" value="1.8.0_162-b12"/>
    <property name="user.name" value="root1"/>
    <property name="path.separator" value=";"/>
    <property name="os.version" value="6.1"/>
    <property name="java.endorsed.dirs" value="C:\Program Files\Java\jdk1.8.0_162\jre\lib\endorsed"/>
    <property name="java.runtime.name" value="Java(TM) SE Runtime Environment"/>
    <property name="file.encoding" value="GBK"/>
    <property name="java.vm.name" value="Java HotSpot(TM) 64-Bit Server VM"/>
    <property name="localRepository" value="D:\app\jdk\apache-maven-3.3.9-bin\apache-maven-3.3.9\repositorys"/>
    <property name="java.vendor.url.bug" value="http://bugreport.sun.com/bugreport/"/>
    <property name="java.io.tmpdir" value="C:\Users\ADMINI~1\AppData\Local\Temp\"/>
    <property name="idea.version" value="2018.1.1"/>
    <property name="java.version" value="1.8.0_162"/>
    <property name="user.dir" value="D:\ideademo\baizhihadoop3"/>
    <property name="os.arch" value="amd64"/>
    <property name="java.vm.specification.name" value="Java Virtual Machine Specification"/>
    <property name="java.awt.printerjob" value="sun.awt.windows.WPrinterJob"/>
    <property name="sun.os.patch.level" value="Service Pack 1"/>
    <property name="java.library.path" value="C:\Program Files\Java\jdk1.8.0_162\jre\bin;C:\windows\Sun\Java\bin;C:\windows\system32;C:\windows;C:\ProgramData\Oracle\Java\javapath;C:\windows\system32;C:\windows;C:\windows\System32\Wbem;C:\windows\System32\WindowsPowerShell\v1.0\;C:\Program Files\TortoiseSVN\bin;C:\Program Files\Java\jdk1.8.0_162\bin;C:\Program Files\Java\jdk1.8.0_162\jre\bin;D:\app\jdk\apache-maven-3.3.9-bin\apache-maven-3.3.9\bin;D:\app\jdk\nexus-2.14.10-01-bundle\nexus-2.14.10-01\bin;;."/>
    <property name="java.vm.info" value="mixed mode"/>
    <property name="java.vendor" value="Oracle Corporation"/>
    <property name="java.vm.version" value="25.162-b12"/>
    <property name="java.ext.dirs" value="C:\Program Files\Java\jdk1.8.0_162\jre\lib\ext;C:\windows\Sun\Java\lib\ext"/>
    <property name="sun.io.unicode.encoding" value="UnicodeLittle"/>
    <property name="maven.repo.local" value="D:\app\jdk\apache-maven-3.3.9-bin\apache-maven-3.3.9\repositorys"/>
    <property name="java.class.version" value="52.0"/>
  </properties>
  <testcase name="testApp" classname="com.baizhi.AppTest" time="0"/>
</testsuite>